<?xml version="1.0" encoding="UTF-8"?>
<testsuite xmlns:xsi="http://www.w3.org/2001/XMLSchema-instance" xsi:noNamespaceSchemaLocation="https://maven.apache.org/surefire/maven-surefire-plugin/xsd/surefire-test-report.xsd" name="it.epicode.santo.WorkoutFactoryTest" time="0.089" tests="12" errors="0" skipped="0" failures="0">
  <properties>
[...]
</properties>
  <testcase name="testStrengthWorkoutCreator_MissingParams" classname="it.epicode.santo.WorkoutFactoryTest" time="0.017"/>
  <testcase name="testCardioWorkoutCreator_MissingDistanceParam" classname="it.epicode.santo.WorkoutFactoryTest" time="0"/>
  <testcase name="testCardioWorkoutCreator_MissingDurationParam" classname="it.epicode.santo.WorkoutFactoryTest" time="0.025"/>
  <testcase name="testStrengthWorkoutCreator_InvalidDuration" classname="it.epicode.santo.WorkoutFactoryTest" time="0.001"/>
  <testcase name="testCardioWorkoutCreator_ValidParams" classname="it.epicode.santo.WorkoutFactoryTest" time="0.001"/>
  <testcase name="testCardioWorkoutCreator_InvalidDuration" classname="it.epicode.santo.WorkoutFactoryTest" time="0"/>
  <testcase name="testCardioWorkoutCreator_InvalidName" classname="it.epicode.santo.WorkoutFactoryTest" time="0"/>
  <testcase name="testStrengthWorkoutCreator_ValidParams" classname="it.epicode.santo.WorkoutFactoryTest" time="0.001"/>
  <testcase name="testStrengthWorkoutCreator_InvalidName" classname="it.epicode.santo.WorkoutFactoryTest" time="0"/>
  <testcase name="testStrengthWorkoutCreator_InvalidReps" classname="it.epicode.santo.WorkoutFactoryTest" time="0.005"/>
  <testcase name="testStrengthWorkoutCreator_InvalidSets" classname="it.epicode.santo.WorkoutFactoryTest" time="0.001"/>
  <testcase name="testCardioWorkoutCreator_InvalidDistance" classname="it.epicode.santo.WorkoutFactoryTest" time="0.003"/>
</testsuite>